#
# There is insufficient memory for the Java Runtime Environment to continue.
# Native memory allocation (malloc) failed to allocate 1048576 bytes for AllocateHeap
# Possible reasons:
#   The system is out of physical RAM or swap space
#   The process is running with CompressedOops enabled, and the Java Heap may be blocking the growth of the native heap
# Possible solutions:
#   Reduce memory load on the system
#   Increase physical memory or swap space
#   Check if swap backing store is full
#   Decrease Java heap size (-Xmx/-Xms)
#   Decrease number of Java threads
#   Decrease Java thread stack sizes (-Xss)
#   Set larger code cache with -XX:ReservedCodeCacheSize=
#   JVM is running with Unscaled Compressed Oops mode in which the Java heap is
#     placed in the first 4GB address space. The Java Heap base address is the
#     maximum limit for the native heap growth. Please use -XX:HeapBaseMinAddress
#     to set the Java Heap base and to place the Java Heap above 4GB virtual address.
# This output file may be truncated or incomplete.
#
#  Out of Memory Error (allocation.cpp:44), pid=15828, tid=31396
#
# JRE version:  (17.0.8.1+1) (build )
# Java VM: OpenJDK 64-Bit Server VM (17.0.8.1+1, mixed mode, tiered, compressed oops, compressed class ptrs, parallel gc, windows-amd64)
# No core dump will be written. Minidumps are not enabled by default on client versions of Windows
#

---------------  S U M M A R Y ------------

Command Line: --add-modules=ALL-SYSTEM --add-opens=java.base/java.util=ALL-UNNAMED --add-opens=java.base/java.lang=ALL-UNNAMED --add-opens=java.base/sun.nio.fs=ALL-UNNAMED -Declipse.application=org.eclipse.jdt.ls.core.id1 -Dosgi.bundles.defaultStartLevel=4 -Declipse.product=org.eclipse.jdt.ls.core.product -Djava.import.generatesMetadataFilesAtProjectRoot=false -DDetectVMInstallationsJob.disabled=true -Dfile.encoding=utf8 -XX:+UseParallelGC -XX:GCTimeRatio=4 -XX:AdaptiveSizePolicyWeight=90 -Dsun.zip.disableMemoryMapping=true -Xmx1G -Xms100m -Xlog:disable -javaagent:c:\Users\cn\.vscode\extensions\redhat.java-1.24.0-win32-x64\lombok\lombok-1.18.30.jar -XX:+HeapDumpOnOutOfMemoryError -XX:HeapDumpPath=c:\Users\cn\AppData\Roaming\Code\User\workspaceStorage\e1d8bb7b9e8adc87c80210c74e826c96\redhat.java -Daether.dependencyCollector.impl=bf c:\Users\cn\.vscode\extensions\redhat.java-1.24.0-win32-x64\server\plugins\org.eclipse.equinox.launcher_1.6.500.v20230717-2134.jar -configuration c:\Users\cn\AppData\Roaming\Code\User\globalStorage\redhat.java\1.24.0\config_win -data c:\Users\cn\AppData\Roaming\Code\User\workspaceStorage\e1d8bb7b9e8adc87c80210c74e826c96\redhat.java\jdt_ws --stdio

Host: Intel(R) Core(TM) i5-8265U CPU @ 1.60GHz, 8 cores, 7G,  Windows 10 , 64 bit Build 19041 (10.0.19041.3031)
Time: Thu Nov 23 20:37:25 2023  Windows 10 , 64 bit Build 19041 (10.0.19041.3031) elapsed time: 0.181962 seconds (0d 0h 0m 0s)

---------------  T H R E A D  ---------------

Current thread (0x0000016fbe7ae0a0):  JavaThread "Unknown thread" [_thread_in_vm, id=31396, stack(0x00000008a1c00000,0x00000008a1d00000)]

Stack: [0x00000008a1c00000,0x00000008a1d00000]
Native frames: (J=compiled Java code, j=interpreted, Vv=VM code, C=native code)
V  [jvm.dll+0x678b0a]
V  [jvm.dll+0x835e84]
V  [jvm.dll+0x83762e]
V  [jvm.dll+0x837c93]
V  [jvm.dll+0x24746f]
V  [jvm.dll+0xa697b]
V  [jvm.dll+0x6ab596]
V  [jvm.dll+0x6ac13f]
V  [jvm.dll+0x685233]
V  [jvm.dll+0x80864b]
V  [jvm.dll+0x36bba4]
V  [jvm.dll+0x7e733c]
V  [jvm.dll+0x3ee4af]
V  [jvm.dll+0x3f00c1]
C  [jli.dll+0x528b]
C  [ucrtbase.dll+0x21bb2]
C  [KERNEL32.DLL+0x17614]
C  [ntdll.dll+0x526f1]


---------------  P R O C E S S  ---------------

Threads class SMR info:
_java_thread_list=0x00007ff8d199a018, length=0, elements={
}

Java Threads: ( => current thread )

Other Threads:
  0x0000016fbe7c2b90 GCTaskThread "GC Thread#0" [stack: 0x00000008a1d00000,0x00000008a1e00000] [id=29932]

=>0x0000016fbe7ae0a0 (exited) JavaThread "Unknown thread" [_thread_in_vm, id=31396, stack(0x00000008a1c00000,0x00000008a1d00000)]

Threads with active compile tasks:

VM state: not at safepoint (normal execution)

VM Mutex/Monitor currently owned by a thread: None

Heap address: 0x00000000c0000000, size: 1024 MB, Compressed Oops mode: 32-bit

CDS archive(s) not mapped
Compressed class space mapped at: 0x0000000100000000-0x0000000140000000, reserved size: 1073741824
Narrow klass base: 0x0000000000000000, Narrow klass shift: 3, Narrow klass range: 0x140000000

GC Precious Log:
 CPUs: 8 total, 8 available
 Memory: 8037M
 Large Page Support: Disabled
 NUMA Support: Disabled
 Compressed Oops: Enabled (32-bit)
 Alignments: Space 512K, Generation 512K, Heap 2M
 Heap Min Capacity: 100M
 Heap Initial Capacity: 100M
 Heap Max Capacity: 1G
 Pre-touch: Disabled
 Parallel Workers: 8

Heap:
 PSYoungGen      total 29696K, used 512K [0x00000000eab00000, 0x00000000ecc00000, 0x0000000100000000)
  eden space 25600K, 2% used [0x00000000eab00000,0x00000000eab80070,0x00000000ec400000)
  from space 4096K, 0% used [0x00000000ec800000,0x00000000ec800000,0x00000000ecc00000)
  to   space 4096K, 0% used [0x00000000ec400000,0x00000000ec400000,0x00000000ec800000)
 ParOldGen       total 68608K, used 0K [0x00000000c0000000, 0x00000000c4300000, 0x00000000eab00000)
  object space 68608K, 0% used [0x00000000c0000000,0x00000000c0000000,0x00000000c4300000)
 Metaspace       used 1149K, committed 1216K, reserved 1114112K
  class space    used 101K, committed 128K, reserved 1048576K

Card table byte_map: [0x0000016fd09e0000,0x0000016fd0bf0000] _byte_map_base: 0x0000016fd03e0000

Marking Bits: (ParMarkBitMap*) 0x00007ff8d1a083a0
 Begin Bits: [0x0000016fd0d50000, 0x0000016fd1d50000)
 End Bits:   [0x0000016fd1d50000, 0x0000016fd2d50000)

Polling page: 0x0000016fbe730000

Metaspace:

Usage:
  Non-class:      1.02 MB used.
      Class:    101.05 KB used.
       Both:      1.12 MB used.

Virtual space:
  Non-class space:       64.00 MB reserved,       1.06 MB (  2%) committed,  1 nodes.
      Class space:        1.00 GB reserved,     128.00 KB ( <1%) committed,  1 nodes.
             Both:        1.06 GB reserved,       1.19 MB ( <1%) committed. 

Chunk freelists:
   Non-Class:  12.00 MB
       Class:  15.75 MB
        Both:  27.75 MB

MaxMetaspaceSize: unlimited
CompressedClassSpaceSize: 1.00 GB
Initial GC threshold: 21.00 MB
Current GC threshold: 17179869184.00 GB
CDS: off
MetaspaceReclaimPolicy: balanced
 - commit_granule_bytes: 65536.
 - commit_granule_words: 8192.
 - virtual_space_node_default_size: 8388608.
 - enlarge_chunks_in_place: 1.
 - new_chunks_are_fully_committed: 0.
 - uncommit_free_chunks: 1.
 - use_allocation_guard: 0.
 - handle_deallocations: 1.


Internal statistics:

num_allocs_failed_limit: 0.
num_arena_births: 2.
num_arena_deaths: 0.
num_vsnodes_births: 2.
num_vsnodes_deaths: 0.
num_space_committed: 19.
num_space_uncommitted: 0.
num_chunks_returned_to_freelist: 0.
num_chunks_taken_from_freelist: 3.
num_chunk_merges: 0.
num_chunk_splits: 2.
num_chunks_enlarged: 0.
num_inconsistent_stats: 0.

CodeHeap 'non-profiled nmethods': size=120000Kb used=0Kb max_used=0Kb free=120000Kb
 bounds [0x0000016fc92d0000, 0x0000016fc9540000, 0x0000016fd0800000]
CodeHeap 'profiled nmethods': size=120000Kb used=0Kb max_used=0Kb free=120000Kb
 bounds [0x0000016fc1800000, 0x0000016fc1a70000, 0x0000016fc8d30000]
CodeHeap 'non-nmethods': size=5760Kb used=202Kb max_used=353Kb free=5557Kb
 bounds [0x0000016fc8d30000, 0x0000016fc8fa0000, 0x0000016fc92d0000]
 total_blobs=66 nmethods=0 adapters=47
 compilation: enabled
              stopped_count=0, restarted_count=0
 full_count=0

Compilation events (0 events):
No events

GC Heap History (0 events):
No events

Dll operation events (1 events):
Event: 0.064 Loaded shared library c:\Users\cn\.vscode\extensions\redhat.java-1.24.0-win32-x64\jre\17.0.8.1-win32-x86_64\bin\java.dll

Deoptimization events (0 events):
No events

Classes unloaded (0 events):
No events

Classes redefined (0 events):
No events

Internal exceptions (0 events):
No events

VM Operations (0 events):
No events

Events (20 events):
Event: 0.153 loading class java/lang/Long
Event: 0.153 loading class java/lang/Long done
Event: 0.153 loading class java/util/Iterator
Event: 0.153 loading class java/util/Iterator done
Event: 0.153 loading class java/lang/reflect/RecordComponent
Event: 0.153 loading class java/lang/reflect/RecordComponent done
Event: 0.153 loading class jdk/internal/vm/vector/VectorSupport
Event: 0.154 loading class jdk/internal/vm/vector/VectorSupport done
Event: 0.154 loading class jdk/internal/vm/vector/VectorSupport$VectorPayload
Event: 0.154 loading class jdk/internal/vm/vector/VectorSupport$VectorPayload done
Event: 0.154 loading class jdk/internal/vm/vector/VectorSupport$Vector
Event: 0.154 loading class jdk/internal/vm/vector/VectorSupport$Vector done
Event: 0.154 loading class jdk/internal/vm/vector/VectorSupport$VectorMask
Event: 0.154 loading class jdk/internal/vm/vector/VectorSupport$VectorMask done
Event: 0.154 loading class jdk/internal/vm/vector/VectorSupport$VectorShuffle
Event: 0.154 loading class jdk/internal/vm/vector/VectorSupport$VectorShuffle done
Event: 0.162 loading class java/lang/NullPointerException
Event: 0.162 loading class java/lang/NullPointerException done
Event: 0.162 loading class java/lang/ArithmeticException
Event: 0.162 loading class java/lang/ArithmeticException done


Dynamic libraries:
0x00007ff652b80000 - 0x00007ff652b8e000 	c:\Users\cn\.vscode\extensions\redhat.java-1.24.0-win32-x64\jre\17.0.8.1-win32-x86_64\bin\java.exe
0x00007ff957430000 - 0x00007ff957628000 	C:\Windows\SYSTEM32\ntdll.dll
0x00007ff9566c0000 - 0x00007ff95677f000 	C:\Windows\System32\KERNEL32.DLL
0x00007ff954bc0000 - 0x00007ff954eb6000 	C:\Windows\System32\KERNELBASE.dll
0x00007ff955390000 - 0x00007ff955490000 	C:\Windows\System32\ucrtbase.dll
0x00007ff923050000 - 0x00007ff923067000 	c:\Users\cn\.vscode\extensions\redhat.java-1.24.0-win32-x64\jre\17.0.8.1-win32-x86_64\bin\jli.dll
0x00007ff956b00000 - 0x00007ff956c9d000 	C:\Windows\System32\USER32.dll
0x00007ff955190000 - 0x00007ff9551b2000 	C:\Windows\System32\win32u.dll
0x00007ff956950000 - 0x00007ff95697c000 	C:\Windows\System32\GDI32.dll
0x00007ff955040000 - 0x00007ff955155000 	C:\Windows\System32\gdi32full.dll
0x00007ff954ec0000 - 0x00007ff954f5d000 	C:\Windows\System32\msvcp_win.dll
0x00007ff9227b0000 - 0x00007ff9227c9000 	c:\Users\cn\.vscode\extensions\redhat.java-1.24.0-win32-x64\jre\17.0.8.1-win32-x86_64\bin\VCRUNTIME140.dll
0x00007ff93aa90000 - 0x00007ff93ad2a000 	C:\Windows\WinSxS\amd64_microsoft.windows.common-controls_6595b64144ccf1df_6.0.19041.1110_none_60b5254171f9507e\COMCTL32.dll
0x00007ff956280000 - 0x00007ff95631e000 	C:\Windows\System32\msvcrt.dll
0x00007ff9554a0000 - 0x00007ff9554d0000 	C:\Windows\System32\IMM32.DLL
0x00000000599c0000 - 0x00000000599cd000 	D:\360safe\safemon\SafeWrapper.dll
0x00007ff956380000 - 0x00007ff95642f000 	C:\Windows\System32\ADVAPI32.dll
0x00007ff956a60000 - 0x00007ff956afc000 	C:\Windows\System32\sechost.dll
0x00007ff955c40000 - 0x00007ff955d66000 	C:\Windows\System32\RPCRT4.dll
0x00007ff937170000 - 0x00007ff93721c000 	D:\360safe\safemon\libzdtp64.dll
0x00007ff956ca0000 - 0x00007ff9573e4000 	C:\Windows\System32\SHELL32.dll
0x00007ff9564c0000 - 0x00007ff956515000 	C:\Windows\System32\SHLWAPI.dll
0x00007ff954690000 - 0x00007ff95469a000 	C:\Windows\SYSTEM32\VERSION.dll
0x00007ff9357e0000 - 0x00007ff9357ec000 	c:\Users\cn\.vscode\extensions\redhat.java-1.24.0-win32-x64\jre\17.0.8.1-win32-x86_64\bin\vcruntime140_1.dll
0x00007ff904640000 - 0x00007ff9046d1000 	c:\Users\cn\.vscode\extensions\redhat.java-1.24.0-win32-x64\jre\17.0.8.1-win32-x86_64\bin\msvcp140.dll
0x00007ff8d0e80000 - 0x00007ff8d1acc000 	c:\Users\cn\.vscode\extensions\redhat.java-1.24.0-win32-x64\jre\17.0.8.1-win32-x86_64\bin\server\jvm.dll
0x00007ff954060000 - 0x00007ff9540ab000 	C:\Windows\SYSTEM32\POWRPROF.dll
0x00007ff926290000 - 0x00007ff926299000 	C:\Windows\SYSTEM32\WSOCK32.dll
0x00007ff956450000 - 0x00007ff9564bb000 	C:\Windows\System32\WS2_32.dll
0x00007ff94e3a0000 - 0x00007ff94e3c7000 	C:\Windows\SYSTEM32\WINMM.dll
0x00007ff953ed0000 - 0x00007ff953ee2000 	C:\Windows\SYSTEM32\UMPDC.dll
0x00007ff952950000 - 0x00007ff952962000 	C:\Windows\SYSTEM32\kernel.appcore.dll
0x00007ff9355a0000 - 0x00007ff9355aa000 	c:\Users\cn\.vscode\extensions\redhat.java-1.24.0-win32-x64\jre\17.0.8.1-win32-x86_64\bin\jimage.dll
0x00007ff952140000 - 0x00007ff952324000 	C:\Windows\SYSTEM32\DBGHELP.DLL
0x00007ff93ede0000 - 0x00007ff93ee14000 	C:\Windows\SYSTEM32\dbgcore.DLL
0x00007ff954f60000 - 0x00007ff954fe2000 	C:\Windows\System32\bcryptPrimitives.dll
0x00007ff92e780000 - 0x00007ff92e78e000 	c:\Users\cn\.vscode\extensions\redhat.java-1.24.0-win32-x64\jre\17.0.8.1-win32-x86_64\bin\instrument.dll
0x00007ff91b210000 - 0x00007ff91b235000 	c:\Users\cn\.vscode\extensions\redhat.java-1.24.0-win32-x64\jre\17.0.8.1-win32-x86_64\bin\java.dll
0x00007ff921eb0000 - 0x00007ff921ec8000 	c:\Users\cn\.vscode\extensions\redhat.java-1.24.0-win32-x64\jre\17.0.8.1-win32-x86_64\bin\zip.dll

dbghelp: loaded successfully - version: 4.0.5 - missing functions: none
symbol engine: initialized successfully - sym options: 0x614 - pdb path: .;c:\Users\cn\.vscode\extensions\redhat.java-1.24.0-win32-x64\jre\17.0.8.1-win32-x86_64\bin;C:\Windows\SYSTEM32;C:\Windows\WinSxS\amd64_microsoft.windows.common-controls_6595b64144ccf1df_6.0.19041.1110_none_60b5254171f9507e;D:\360safe\safemon;c:\Users\cn\.vscode\extensions\redhat.java-1.24.0-win32-x64\jre\17.0.8.1-win32-x86_64\bin\server

VM Arguments:
jvm_args: --add-modules=ALL-SYSTEM --add-opens=java.base/java.util=ALL-UNNAMED --add-opens=java.base/java.lang=ALL-UNNAMED --add-opens=java.base/sun.nio.fs=ALL-UNNAMED -Declipse.application=org.eclipse.jdt.ls.core.id1 -Dosgi.bundles.defaultStartLevel=4 -Declipse.product=org.eclipse.jdt.ls.core.product -Djava.import.generatesMetadataFilesAtProjectRoot=false -DDetectVMInstallationsJob.disabled=true -Dfile.encoding=utf8 -XX:+UseParallelGC -XX:GCTimeRatio=4 -XX:AdaptiveSizePolicyWeight=90 -Dsun.zip.disableMemoryMapping=true -Xmx1G -Xms100m -Xlog:disable -javaagent:c:\Users\cn\.vscode\extensions\redhat.java-1.24.0-win32-x64\lombok\lombok-1.18.30.jar -XX:+HeapDumpOnOutOfMemoryError -XX:HeapDumpPath=c:\Users\cn\AppData\Roaming\Code\User\workspaceStorage\e1d8bb7b9e8adc87c80210c74e826c96\redhat.java -Daether.dependencyCollector.impl=bf 
java_command: c:\Users\cn\.vscode\extensions\redhat.java-1.24.0-win32-x64\server\plugins\org.eclipse.equinox.launcher_1.6.500.v20230717-2134.jar -configuration c:\Users\cn\AppData\Roaming\Code\User\globalStorage\redhat.java\1.24.0\config_win -data c:\Users\cn\AppData\Roaming\Code\User\workspaceStorage\e1d8bb7b9e8adc87c80210c74e826c96\redhat.java\jdt_ws --stdio
java_class_path (initial): c:\Users\cn\.vscode\extensions\redhat.java-1.24.0-win32-x64\server\plugins\org.eclipse.equinox.launcher_1.6.500.v20230717-2134.jar
Launcher Type: SUN_STANDARD

[Global flags]
    uintx AdaptiveSizePolicyWeight                 = 90                                        {product} {command line}
     intx CICompilerCount                          = 4                                         {product} {ergonomic}
    uintx GCTimeRatio                              = 4                                         {product} {command line}
     bool HeapDumpOnOutOfMemoryError               = true                                   {manageable} {command line}
    ccstr HeapDumpPath                             = c:\Users\cn\AppData\Roaming\Code\User\workspaceStorage\e1d8bb7b9e8adc87c80210c74e826c96\redhat.java         {manageable} {command line}
   size_t InitialHeapSize                          = 104857600                                 {product} {command line}
   size_t MaxHeapSize                              = 1073741824                                {product} {command line}
   size_t MaxNewSize                               = 357564416                                 {product} {ergonomic}
   size_t MinHeapDeltaBytes                        = 524288                                    {product} {ergonomic}
   size_t MinHeapSize                              = 104857600                                 {product} {command line}
   size_t NewSize                                  = 34603008                                  {product} {ergonomic}
    uintx NonNMethodCodeHeapSize                   = 5839372                                {pd product} {ergonomic}
    uintx NonProfiledCodeHeapSize                  = 122909434                              {pd product} {ergonomic}
   size_t OldSize                                  = 70254592                                  {product} {ergonomic}
    uintx ProfiledCodeHeapSize                     = 122909434                              {pd product} {ergonomic}
    uintx ReservedCodeCacheSize                    = 251658240                              {pd product} {ergonomic}
     bool SegmentedCodeCache                       = true                                      {product} {ergonomic}
   size_t SoftMaxHeapSize                          = 1073741824                             {manageable} {ergonomic}
     bool UseCompressedClassPointers               = true                           {product lp64_product} {ergonomic}
     bool UseCompressedOops                        = true                           {product lp64_product} {ergonomic}
     bool UseLargePagesIndividualAllocation        = false                                  {pd product} {ergonomic}
     bool UseParallelGC                            = true                                      {product} {command line}

Logging:
Log output configuration:
 #0: stdout all=off uptime,level,tags
 #1: stderr all=off uptime,level,tags

Environment Variables:
PATH=C:\Program Files (x86)\Common Files\Oracle\Java\javapath;D:\bin\;C:\ProgramData\Oracle\Java\javapath;C:\Program Files (x86)\Common Files\Intel\Shared Libraries\redist\intel64\compiler;C:\Windows\system32;C:\Windows;C:\Windows\System32\Wbem;C:\Windows\System32\WindowsPowerShell\v1.0\;C:\Windows\System32\OpenSSH\;C:\Program Files (x86)\NVIDIA Corporation\PhysX\Common;C:\Program Files\NVIDIA Corporation\NVIDIA NvDLISR;C:\Program Files\Intel\WiFi\bin\;C:\Program Files\Common Files\Intel\WirelessCommon\;C:\WINDOWS\system32;C:\WINDOWS;C:\WINDOWS\System32\Wbem;C:\WINDOWS\System32\WindowsPowerShell\v1.0\;C:\WINDOWS\System32\OpenSSH\;C:\Program Files\Git\cmd;D:\Java\jdk1.8.0_111\bin;D:\downloadtext;D:\downloadtext\Library\lib;D:\downloadtext\Scripts;C:\Program Files\Microsoft SQL Server\120\Tools\Binn\;C:\Program Files\MATLAB\R2018b\runtime\win64;C:\Program Files\MATLAB\R2018b\bin;C:\Program Files\Microsoft SQL Server\130\Tools\Binn\;C:\Program Files\Microsoft SQL Server\Client SDK\ODBC\170\Tools\Binn\;E:\flutter\bin;C:\Program Files\dotnet\;C:\Users\cn\AppData\Local\Android\Sdk\platform-tools;D:\MySQL\mysql-8.0.30-winx64\bin;C:\Program Files (x86)\dotnet\;C:\Program Files\nodejs\;C:\Program Files\TortoiseGit\bin;D:\lux;D:\ffmpeg-5.1.2-essentials_build\bin;C:\Users\cn\AppData\Local\Programs\Python\Python310;C:\Users\cn\AppData\Local\Programs\Python\Python310\Scripts\;C:\Users\cn\AppData\Local\Programs\Python\Python310\;C:\Users\cn\anaconda3;C:\Users\cn\anaconda3\Library\mingw-w64\bin;C:\Users\cn\anaconda3\Library\usr\bin;C:\Users\cn\anaconda3\Library\bin;C:\Users\cn\anaconda3\Scripts;D:\Python3_8_9\Scripts\;D:\Python3_8_9\;C:\Users\cn\AppData\Local\Microsoft\WindowsApps;D:\PyCharm 2021.2\bin;D:\PyCharm Community Edition 2021.2\bin;C:\Users\cn\.dotnet\tools;C:\Users\cn\AppData\Roaming\npm;C:\Users\cn\AppData\Local\Programs\Microsoft VS Code\bin
USERNAME=cn
OS=Windows_NT
PROCESSOR_IDENTIFIER=Intel64 Family 6 Model 142 Stepping 11, GenuineIntel
TMP=C:\Users\cn\AppData\Local\Temp
TEMP=C:\Users\cn\AppData\Local\Temp



---------------  S Y S T E M  ---------------

OS:
 Windows 10 , 64 bit Build 19041 (10.0.19041.3031)
OS uptime: 3 days 18:21 hours

CPU: total 8 (initial active 8) (4 cores per cpu, 2 threads per core) family 6 model 142 stepping 11 microcode 0xde, cx8, cmov, fxsr, ht, mmx, 3dnowpref, sse, sse2, sse3, ssse3, sse4.1, sse4.2, popcnt, lzcnt, tsc, tscinvbit, avx, avx2, aes, erms, clmul, bmi1, bmi2, adx, fma, vzeroupper, clflush, clflushopt
Processor Information for all 8 processors :
  Max Mhz: 1800, Current Mhz: 1800, Mhz Limit: 1584

Memory: 4k page, system-wide physical 8037M (702M free)
TotalPageFile size 20844M (AvailPageFile size 220M)
current process WorkingSet (physical memory assigned to process): 17M, peak: 17M
current process commit charge ("private bytes"): 160M, peak: 161M

vm_info: OpenJDK 64-Bit Server VM (17.0.8.1+1) for windows-amd64 JRE (17.0.8.1+1), built on Aug 23 2023 15:29:17 by "admin" with MS VC++ 16.7 (VS2019)

END.
